<?xml version="1.0" encoding="UTF-8"?>
<coverage generated="1768331090425" clover="3.2.0">
  <project timestamp="1768331090425" name="All files">
    <metrics statements="9" coveredstatements="9" conditionals="0" coveredconditionals="0" methods="2" coveredmethods="2" elements="11" coveredelements="11" complexity="0" loc="9" ncloc="9" packages="1" files="1" classes="1"/>
    <file name="app.ts" path="/Users/jalenlocke/Comic-Book-Price-Evaluator/server/app.ts">
      <metrics statements="9" coveredstatements="9" conditionals="0" coveredconditionals="0" methods="2" coveredmethods="2"/>
      <line num="4" count="1" type="stmt"/>
      <line num="6" count="1" type="stmt"/>
      <line num="7" count="1" type="stmt"/>
      <line num="10" count="1" type="stmt"/>
      <line num="11" count="1" type="stmt"/>
      <line num="15" count="1" type="stmt"/>
      <line num="16" count="2" type="stmt"/>
      <line num="17" count="2" type="stmt"/>
      <line num="19" count="2" type="stmt"/>
    </file>
  </project>
</coverage>
