{"/Users/jalenlocke/Comic-Book-Price-Evaluator/server/app.ts": {"path":"/Users/jalenlocke/Comic-Book-Price-Evaluator/server/app.ts","statementMap":{"0":{"start":{"line":4,"column":6},"end":{"line":4,"column":null}},"1":{"start":{"line":6,"column":0},"end":{"line":6,"column":null}},"2":{"start":{"line":7,"column":0},"end":{"line":7,"column":null}},"3":{"start":{"line":10,"column":0},"end":{"line":12,"column":null}},"4":{"start":{"line":11,"column":2},"end":{"line":11,"column":null}},"5":{"start":{"line":15,"column":0},"end":{"line":20,"column":null}},"6":{"start":{"line":16,"column":16},"end":{"line":16,"column":null}},"7":{"start":{"line":17,"column":2},"end":{"line":17,"column":null}},"8":{"start":{"line":19,"column":2},"end":{"line":19,"column":null}}},"fnMap":{"0":{"name":"(anonymous_0)","decl":{"start":{"line":10,"column":13},"end":{"line":10,"column":14}},"loc":{"start":{"line":10,"column":27},"end":{"line":12,"column":1}},"line":10},"1":{"name":"(anonymous_1)","decl":{"start":{"line":15,"column":23},"end":{"line":15,"column":24}},"loc":{"start":{"line":15,"column":37},"end":{"line":20,"column":1}},"line":15}},"branchMap":{},"s":{"0":1,"1":1,"2":1,"3":1,"4":1,"5":1,"6":2,"7":2,"8":2},"f":{"0":1,"1":2},"b":{},"meta":{"lastBranch":0,"lastFunction":2,"lastStatement":9,"seen":{"s:4:6:4:Infinity":0,"s:6:0:6:Infinity":1,"s:7:0:7:Infinity":2,"s:10:0:12:Infinity":3,"f:10:13:10:14":0,"s:11:2:11:Infinity":4,"s:15:0:20:Infinity":5,"f:15:23:15:24":1,"s:16:16:16:Infinity":6,"s:17:2:17:Infinity":7,"s:19:2:19:Infinity":8}}}
}
